<?xml version="1.0" encoding="UTF-8" ?>
<testsuite tests="1" failures="0" name="com.sandeep.examples.AppTest" time="0.005" errors="0" skipped="0">
  <properties>
    <property name="java.runtime.name" value="OpenJDK Runtime Environment"/>
    <property name="java.vm.version" value="11.0.11+9"/>
    <property name="sun.boot.library.path" value="/home/sandeep/.sdkman/candidates/java/11.0.11.hs-adpt/lib"/>
    <property name="maven.multiModuleProjectDirectory" value="/home/sandeep/my-first-proj/java_projects/SampleMvnJava"/>
    <property name="java.vm.vendor" value="AdoptOpenJDK"/>
    <property name="java.vendor.url" value="https://adoptopenjdk.net/"/>
    <property name="guice.disable.misplaced.annotation.check" value="true"/>
    <property name="path.separator" value=":"/>
    <property name="java.vm.name" value="OpenJDK 64-Bit Server VM"/>
    <property name="sun.os.patch.level" value="unknown"/>
    <property name="user.country" value="US"/>
    <property name="sun.java.launcher" value="SUN_STANDARD"/>
    <property name="java.vm.specification.name" value="Java Virtual Machine Specification"/>
    <property name="user.dir" value="/home/sandeep/my-first-proj/java_projects/SampleMvnJava"/>
    <property name="java.vm.compressedOopsMode" value="32-bit"/>
    <property name="java.runtime.version" value="11.0.11+9"/>
    <property name="java.awt.graphicsenv" value="sun.awt.X11GraphicsEnvironment"/>
    <property name="os.arch" value="amd64"/>
    <property name="java.io.tmpdir" value="/tmp"/>
    <property name="line.separator" value="
"/>
    <property name="java.vm.specification.vendor" value="Oracle Corporation"/>
    <property name="os.name" value="Linux"/>
    <property name="classworlds.conf" value="/home/sandeep/Downloads/apache-maven-3.8.3/bin/m2.conf"/>
    <property name="sun.jnu.encoding" value="UTF-8"/>
    <property name="java.library.path" value="/usr/java/packages/lib:/usr/lib64:/lib64:/lib:/usr/lib"/>
    <property name="maven.conf" value="/home/sandeep/Downloads/apache-maven-3.8.3/conf"/>
    <property name="jdk.debug" value="release"/>
    <property name="java.class.version" value="55.0"/>
    <property name="java.specification.name" value="Java Platform API Specification"/>
    <property name="sun.management.compiler" value="HotSpot 64-Bit Tiered Compilers"/>
    <property name="os.version" value="5.14.16-301.fc35.x86_64"/>
    <property name="library.jansi.path" value="/home/sandeep/Downloads/apache-maven-3.8.3/lib/jansi-native"/>
    <property name="user.home" value="/home/sandeep"/>
    <property name="user.timezone" value="Asia/Kolkata"/>
    <property name="java.awt.printerjob" value="sun.print.PSPrinterJob"/>
    <property name="file.encoding" value="UTF-8"/>
    <property name="java.specification.version" value="11"/>
    <property name="user.name" value="sandeep"/>
    <property name="java.class.path" value="/home/sandeep/Downloads/apache-maven-3.8.3/boot/plexus-classworlds-2.6.0.jar"/>
    <property name="java.vm.specification.version" value="11"/>
    <property name="sun.arch.data.model" value="64"/>
    <property name="sun.java.command" value="org.codehaus.plexus.classworlds.launcher.Launcher clean package"/>
    <property name="java.home" value="/home/sandeep/.sdkman/candidates/java/11.0.11.hs-adpt"/>
    <property name="user.language" value="en"/>
    <property name="java.specification.vendor" value="Oracle Corporation"/>
    <property name="awt.toolkit" value="sun.awt.X11.XToolkit"/>
    <property name="java.vm.info" value="mixed mode"/>
    <property name="java.version" value="11.0.11"/>
    <property name="java.vendor" value="AdoptOpenJDK"/>
    <property name="maven.home" value="/home/sandeep/Downloads/apache-maven-3.8.3"/>
    <property name="file.separator" value="/"/>
    <property name="java.version.date" value="2021-04-20"/>
    <property name="java.vendor.url.bug" value="https://github.com/AdoptOpenJDK/openjdk-support/issues"/>
    <property name="sun.io.unicode.encoding" value="UnicodeLittle"/>
    <property name="sun.cpu.endian" value="little"/>
    <property name="java.vendor.version" value="AdoptOpenJDK-11.0.11+9"/>
    <property name="sun.cpu.isalist" value=""/>
  </properties>
  <testcase classname="com.sandeep.examples.AppTest" name="testApp" time="0.005"/>
</testsuite>